Mon, 30 Oct 2017 13:58:50 [INFO] Start crawling users and urls in ./sample100.csv
Mon, 30 Oct 2017 13:58:50 [INFO] 5 threads are used to crawl web pages
Mon, 30 Oct 2017 13:58:50 [INFO] Starting self check thread...
Mon, 30 Oct 2017 13:58:50 [INFO] 0 processed totally, 0 processed in the last 60 seconds. Process record saved.
Mon, 30 Oct 2017 13:58:51 [WARNING] Request error for ['20FC944C01C29BC150CA489E4CCCFCEB', 'http://www.sohu.com/a/164486334_99927738']
Mon, 30 Oct 2017 13:58:51 [WARNING] Request error for ['6F8774668AF60AFD32A26EF0C9D93A3B', 'https://baike.so.com/doc/6694373-6908281.html']
Mon, 30 Oct 2017 13:58:51 [WARNING] Request error for ['B769716C9FC42C3D24690F0C87E7F5AD', 'http://www.sohu.com/a/113344149_454385']
Mon, 30 Oct 2017 13:58:58 [WARNING] Request error for ['5BCF7CC288A433795B95BC0F52372F2C', 'https://baike.so.com/doc/4267571-4470436.html']
Mon, 30 Oct 2017 13:58:58 [WARNING] Request error for ['AA007CB42E568292DBEE1AC10C12093A', 'https://baike.so.com/doc/4479038-4688109.html']
Mon, 30 Oct 2017 13:58:58 [WARNING] Request error for ['C5008466084325DBCACB6DF54D95B51D', 'https://baike.so.com/doc/7705714-7979809.html']
Mon, 30 Oct 2017 13:58:58 [WARNING] Request error for ['ADEE89E4BBA50927AE0D5CF718188500', 'http://video.tudou.com/v/XMjQ0MDcxOTc4NA==.html']
Mon, 30 Oct 2017 13:58:59 [WARNING] Request error for ['2AD1340D7656F70D3383E883C67EE035', 'http://www.gamersky.com/ent/201709/955263_2.shtml']
Mon, 30 Oct 2017 13:59:00 [WARNING] Request error for ['17E00BBDA7F4B6AF0C55B5D8336A7E86', 'https://baike.so.com/doc/6009689-6222675.html']
Mon, 30 Oct 2017 13:59:00 [WARNING] Request error for ['10E9CD2A99CF881268A833BC91A289E0', 'http://manhua.fzdm.com/51/496/index_3.html']
Mon, 30 Oct 2017 13:59:00 [WARNING] Request error for ['120C8F21079852F4F32469237BE39036', 'http://www.sohu.com/a/196965945_751660']
Mon, 30 Oct 2017 13:59:01 [WARNING] Request error for ['7743FDBAA811900E883AC689829C1DD2', 'http://www.sohu.com/a/198911330_403320']
Mon, 30 Oct 2017 13:59:01 [WARNING] Request error for ['81F57D27323BB0545751ACE635B67EC3', 'http://video.tudou.com/v/XMTc5NjMyNzc0MA==.html']
Mon, 30 Oct 2017 13:59:01 [WARNING] Request error for ['A28D6C4B69EDF182E90AE2F49E9BCB80', 'http://news.163.com/15/0807/09/B0DG1NR400014AED.html']
Mon, 30 Oct 2017 13:59:02 [WARNING] Request error for ['C16602DE19EBA5BA5C85CB3C8B9920B9', 'https://baike.so.com/doc/1375276-24969062.html']
Mon, 30 Oct 2017 13:59:02 [WARNING] Request error for ['6B0F21B55B8E0BF10ECCB7E9EDFC4AC3', 'http://video.tudou.com/v/XMjI1OTUzNjE4OA==.html']
Mon, 30 Oct 2017 13:59:02 [WARNING] Request error for ['08B1D7B286EE73A2F095776F8F287924', 'http://www.sohu.com/a/167063657_679186']
Mon, 30 Oct 2017 13:59:03 [WARNING] Request error for ['817355C3FA4B28FF12513B3E2DE86C75', 'http://www.sohu.com/a/196494142_657211']
Mon, 30 Oct 2017 13:59:03 [WARNING] Request error for ['68CDB960E4882AFBDFCC88ECD15272D7', 'http://www.sohu.com/a/165798049_500120']
Mon, 30 Oct 2017 13:59:03 [WARNING] Request error for ['A58335F6152AE213F784272DE4C15C55', 'https://baike.so.com/doc/24835972-25770056.html']
Mon, 30 Oct 2017 13:59:03 [WARNING] Request error for ['F5055E923BD6763A2A3C7351F9EED095', 'http://news.163.com/15/0523/10/AQ9TCCRP00014JB5.html']
Mon, 30 Oct 2017 13:59:04 [WARNING] Request error for ['4AFBB681AB1C36A501DEE6E2C1FDC2EE', 'http://www.sohu.com/a/168556852_455313']
Mon, 30 Oct 2017 13:59:04 [WARNING] Request error for ['F2CFBD57F7BDEB5537DA52E61941CB3A', 'https://baike.so.com/doc/16957423-17508888.html']
Mon, 30 Oct 2017 13:59:04 [WARNING] Request error for ['A2FB9580754716AA8E048D20D2261FDC', 'https://baike.so.com/doc/6914126-7135990.html']
Mon, 30 Oct 2017 13:59:05 [WARNING] Request error for ['6141EB1008B35C018DFF74A284576876', 'https://baike.so.com/doc/3382385-3560696.html']
Mon, 30 Oct 2017 13:59:05 [WARNING] Request error for ['1A3C0EA26673C0351C59DC8F619ACFA4', 'https://baike.so.com/doc/6985998-7208749.html']
Mon, 30 Oct 2017 13:59:05 [WARNING] Request error for ['F3FC83B53FDE818A324B5BDCAC30E41E', 'http://money.163.com/13/1230/16/9HBUFL7B00254TFQ.html']
Mon, 30 Oct 2017 13:59:05 [WARNING] Request error for ['FC90C46FADCE502ADF452386CE5522DE', 'http://www.biquge5.com/4_4042/1743521.html']
Mon, 30 Oct 2017 13:59:07 [WARNING] Request error for ['0BFEFCBB677B1FD84C33A76AEDC9415B', 'http://manhua.fzdm.com/141/65/index_4.html']
Mon, 30 Oct 2017 13:59:07 [WARNING] Request error for ['A408D0B5E58CDC879478ECDDFC72ADCF', 'http://www.sohu.com/a/191824403_667422']
Mon, 30 Oct 2017 13:59:08 [WARNING] Request error for ['A48C87FF3416F3ABADD5616F9701B40C', 'https://baike.so.com/doc/3563081-3747163.html']
Mon, 30 Oct 2017 13:59:08 [WARNING] Request error for ['B53893A14FEFB5CCCE2DE17DDEA879A9', 'https://baike.so.com/doc/7113642-7336697.html']
Mon, 30 Oct 2017 13:59:08 [WARNING] Request error for ['337F60BBC0266AA85FB3D16506C8AC12', 'https://baike.so.com/doc/7054140-7277048.html']
Mon, 30 Oct 2017 13:59:09 [WARNING] Request error for ['C4A5646027072BDC36C4814A6651898C', 'http://mini.eastday.com/a/171015142706256.html']
Mon, 30 Oct 2017 13:59:09 [WARNING] Request error for ['BFB498B5A1C3F5953F6C1548F02EE8A7', 'https://baike.so.com/doc/5425025-5663245.html']
Mon, 30 Oct 2017 13:59:10 [WARNING] Request error for ['F53E798CDB3581DD6D1944E0409143B4', 'http://video.tudou.com/v/XMjAwODQ2NTY4MA==.html']
Mon, 30 Oct 2017 13:59:11 [WARNING] Request error for ['FBC9A7F779377133AB57C51EEB84B91E', 'http://www.sohu.com/a/199578642_219167']
Mon, 30 Oct 2017 13:59:11 [WARNING] Request error for ['5F443961FA45D353DCD4B0E7712D46BB', 'http://www.gamersky.com/handbook/201107/176536_23.shtml']
Mon, 30 Oct 2017 13:59:12 [WARNING] Request error for ['E2958F541C1C3E1BDA54172108B87B85', 'http://news.163.com/17/0615/05/CMUT1EI600014AEE.html']
Mon, 30 Oct 2017 13:59:12 [WARNING] Request error for ['AA1D7EA13C6A12B7BF60ED0AFEB5956A', 'http://money.163.com/16/1023/10/C42B8UL1002580S6.html']
Mon, 30 Oct 2017 13:59:12 [WARNING] Request error for ['D1043580A7496DA3F01C6215A5ABD252', 'https://baike.so.com/doc/8726946-9049686.html']
Mon, 30 Oct 2017 13:59:13 [WARNING] Request error for ['97594239FC33BBF81691C7B0646D8ABE', 'https://baike.so.com/doc/4869237-5086889.html']
Mon, 30 Oct 2017 13:59:13 [WARNING] Request error for ['8A9336E760FCF286C74F41B3AEA1C076', 'https://baike.so.com/doc/6309287-6522874.html']
Mon, 30 Oct 2017 13:59:13 [WARNING] Request error for ['0FC3D8D3BB7F4501429CED1A7C06694B', 'http://www.gamersky.com/handbook/201509/661378.shtml']
Mon, 30 Oct 2017 13:59:16 [WARNING] Request error for ['20B88ADE9869AF50000B74C908F2DDA1', 'http://video.tudou.com/v/XMTg1MDcyMjc1Mg==.html']
Mon, 30 Oct 2017 13:59:18 [INFO] All crawling threads completed
Mon, 30 Oct 2017 13:59:18 [INFO] Mission completed, 100 processed. time used: 28.21899962425232 sec
Mon, 30 Oct 2017 14:05:21 [INFO] Start crawling users and urls in ./sample100.csv
Mon, 30 Oct 2017 14:05:21 [INFO] Start crawling users and urls in ./sample100.csv
Mon, 30 Oct 2017 14:05:21 [INFO] 5 threads are used to crawl web pages
Mon, 30 Oct 2017 14:05:21 [INFO] 5 threads are used to crawl web pages
Mon, 30 Oct 2017 14:05:21 [INFO] Starting self check thread...
Mon, 30 Oct 2017 14:05:21 [INFO] Starting self check thread...
Mon, 30 Oct 2017 14:05:21 [INFO] 0 processed totally, 0 processed in the last 60 seconds. Process record saved.
Mon, 30 Oct 2017 14:05:21 [INFO] 0 processed totally, 0 processed in the last 60 seconds. Process record saved.
Mon, 30 Oct 2017 14:05:22 [INFO] All crawling threads completed
Mon, 30 Oct 2017 14:05:22 [INFO] All crawling threads completed
Mon, 30 Oct 2017 14:05:22 [INFO] Mission completed, 0 processed. time used: 0.3070859909057617 sec
Mon, 30 Oct 2017 14:05:22 [INFO] Mission completed, 0 processed. time used: 0.3070859909057617 sec
Mon, 30 Oct 2017 14:10:20 [INFO] Start crawling users and urls in ./sample10000.csv
Mon, 30 Oct 2017 14:10:20 [INFO] Start crawling users and urls in ./sample10000.csv
Mon, 30 Oct 2017 14:10:20 [INFO] Start crawling users and urls in ./sample10000.csv
Mon, 30 Oct 2017 14:10:20 [INFO] 5 threads are used to crawl web pages
Mon, 30 Oct 2017 14:10:20 [INFO] 5 threads are used to crawl web pages
Mon, 30 Oct 2017 14:10:20 [INFO] 5 threads are used to crawl web pages
Mon, 30 Oct 2017 14:10:20 [INFO] Starting self check thread...
Mon, 30 Oct 2017 14:10:20 [INFO] Starting self check thread...
Mon, 30 Oct 2017 14:10:20 [INFO] Starting self check thread...
Mon, 30 Oct 2017 14:10:20 [INFO] 0 processed totally, 0 processed in the last 60 seconds. Process record saved.
Mon, 30 Oct 2017 14:10:20 [INFO] 0 processed totally, 0 processed in the last 60 seconds. Process record saved.
Mon, 30 Oct 2017 14:10:20 [INFO] 0 processed totally, 0 processed in the last 60 seconds. Process record saved.
Mon, 30 Oct 2017 14:10:47 [WARNING] Request error for ['8A1865D614347D959FFDFDF5BCF6F09B', 'http://www.gamersky.com/handbook/201601/704486_13.shtml'], retrying...
Mon, 30 Oct 2017 14:10:47 [WARNING] Request error for ['8A1865D614347D959FFDFDF5BCF6F09B', 'http://www.gamersky.com/handbook/201601/704486_13.shtml'], retrying...
Mon, 30 Oct 2017 14:10:47 [WARNING] Request error for ['8A1865D614347D959FFDFDF5BCF6F09B', 'http://www.gamersky.com/handbook/201601/704486_13.shtml'], retrying...
Mon, 30 Oct 2017 14:11:20 [INFO] 339 processed totally, 339 processed in the last 60 seconds. Process record saved.
Mon, 30 Oct 2017 14:11:20 [INFO] 339 processed totally, 339 processed in the last 60 seconds. Process record saved.
Mon, 30 Oct 2017 14:11:20 [INFO] 339 processed totally, 339 processed in the last 60 seconds. Process record saved.
Mon, 30 Oct 2017 14:12:20 [INFO] 594 processed totally, 255 processed in the last 60 seconds. Process record saved.
Mon, 30 Oct 2017 14:12:20 [INFO] 594 processed totally, 255 processed in the last 60 seconds. Process record saved.
Mon, 30 Oct 2017 14:12:20 [INFO] 594 processed totally, 255 processed in the last 60 seconds. Process record saved.
Mon, 30 Oct 2017 14:13:20 [INFO] 782 processed totally, 188 processed in the last 60 seconds. Process record saved.
Mon, 30 Oct 2017 14:13:20 [INFO] 782 processed totally, 188 processed in the last 60 seconds. Process record saved.
Mon, 30 Oct 2017 14:13:20 [INFO] 782 processed totally, 188 processed in the last 60 seconds. Process record saved.
Mon, 30 Oct 2017 14:13:20 [WARNING] Request error for ['C44CD72147E2D5E5B30E56088AB67E41', 'http://mini.eastday.com/a/171023102653256.html'], retrying...
Mon, 30 Oct 2017 14:13:20 [WARNING] Request error for ['C44CD72147E2D5E5B30E56088AB67E41', 'http://mini.eastday.com/a/171023102653256.html'], retrying...
Mon, 30 Oct 2017 14:13:20 [WARNING] Request error for ['C44CD72147E2D5E5B30E56088AB67E41', 'http://mini.eastday.com/a/171023102653256.html'], retrying...
Mon, 30 Oct 2017 14:14:20 [INFO] 1134 processed totally, 352 processed in the last 60 seconds. Process record saved.
Mon, 30 Oct 2017 14:14:20 [INFO] 1134 processed totally, 352 processed in the last 60 seconds. Process record saved.
Mon, 30 Oct 2017 14:14:20 [INFO] 1134 processed totally, 352 processed in the last 60 seconds. Process record saved.
Mon, 30 Oct 2017 14:14:50 [WARNING] Request error for ['9A4954CEC7BC08C1350B310700B3DC51', 'http://mini.eastday.com/a/171013155611996.html'], retrying...
Mon, 30 Oct 2017 14:14:50 [WARNING] Request error for ['9A4954CEC7BC08C1350B310700B3DC51', 'http://mini.eastday.com/a/171013155611996.html'], retrying...
Mon, 30 Oct 2017 14:14:50 [WARNING] Request error for ['9A4954CEC7BC08C1350B310700B3DC51', 'http://mini.eastday.com/a/171013155611996.html'], retrying...
Mon, 30 Oct 2017 14:15:19 [WARNING] Request error for ['00E2061D1E9B5E8D40A55F584609AD98', 'https://baike.so.com/doc/6965105-7187760.html'], retrying...
Mon, 30 Oct 2017 14:15:19 [WARNING] Request error for ['00E2061D1E9B5E8D40A55F584609AD98', 'https://baike.so.com/doc/6965105-7187760.html'], retrying...
Mon, 30 Oct 2017 14:15:19 [WARNING] Request error for ['00E2061D1E9B5E8D40A55F584609AD98', 'https://baike.so.com/doc/6965105-7187760.html'], retrying...
Mon, 30 Oct 2017 14:15:20 [INFO] 1275 processed totally, 141 processed in the last 60 seconds. Process record saved.
Mon, 30 Oct 2017 14:15:20 [INFO] 1275 processed totally, 141 processed in the last 60 seconds. Process record saved.
Mon, 30 Oct 2017 14:15:20 [INFO] 1275 processed totally, 141 processed in the last 60 seconds. Process record saved.
Mon, 30 Oct 2017 14:15:22 [WARNING] Request error for ['5DD5672B7FE396BABB4A9841D8F58093', 'https://baike.so.com/doc/23725206-24281087.html'], retrying...
Mon, 30 Oct 2017 14:15:22 [WARNING] Request error for ['5DD5672B7FE396BABB4A9841D8F58093', 'https://baike.so.com/doc/23725206-24281087.html'], retrying...
Mon, 30 Oct 2017 14:15:22 [WARNING] Request error for ['5DD5672B7FE396BABB4A9841D8F58093', 'https://baike.so.com/doc/23725206-24281087.html'], retrying...
Mon, 30 Oct 2017 14:15:23 [WARNING] Request error for ['74118C3E39E06F6BD8A69EA9F9A374C5', 'http://www.sohu.com/a/131510092_485288'], retrying...
Mon, 30 Oct 2017 14:15:23 [WARNING] Request error for ['74118C3E39E06F6BD8A69EA9F9A374C5', 'http://www.sohu.com/a/131510092_485288'], retrying...
Mon, 30 Oct 2017 14:15:23 [WARNING] Request error for ['74118C3E39E06F6BD8A69EA9F9A374C5', 'http://www.sohu.com/a/131510092_485288'], retrying...
Mon, 30 Oct 2017 14:15:48 [WARNING] Request error for ['8659C2AF76144C6AF19B5003F9C1DA7C', 'https://baike.so.com/doc/3715906-3904667.html'], retrying...
Mon, 30 Oct 2017 14:15:48 [WARNING] Request error for ['8659C2AF76144C6AF19B5003F9C1DA7C', 'https://baike.so.com/doc/3715906-3904667.html'], retrying...
Mon, 30 Oct 2017 14:15:48 [WARNING] Request error for ['8659C2AF76144C6AF19B5003F9C1DA7C', 'https://baike.so.com/doc/3715906-3904667.html'], retrying...
Mon, 30 Oct 2017 14:15:58 [WARNING] Request error for ['6E9AA52865095552125BF63DBC3F9DE6', 'http://www.sohu.com/a/127172951_456079'], retrying...
Mon, 30 Oct 2017 14:15:58 [WARNING] Request error for ['6E9AA52865095552125BF63DBC3F9DE6', 'http://www.sohu.com/a/127172951_456079'], retrying...
Mon, 30 Oct 2017 14:15:58 [WARNING] Request error for ['6E9AA52865095552125BF63DBC3F9DE6', 'http://www.sohu.com/a/127172951_456079'], retrying...
Mon, 30 Oct 2017 14:16:01 [WARNING] Request error for ['550B48F82CF1BB83D7559639BE390841', 'http://video.tudou.com/v/XMjQzOTA3OTg2OA==.html'], retrying...
Mon, 30 Oct 2017 14:16:01 [WARNING] Request error for ['550B48F82CF1BB83D7559639BE390841', 'http://video.tudou.com/v/XMjQzOTA3OTg2OA==.html'], retrying...
Mon, 30 Oct 2017 14:16:01 [WARNING] Request error for ['550B48F82CF1BB83D7559639BE390841', 'http://video.tudou.com/v/XMjQzOTA3OTg2OA==.html'], retrying...
Mon, 30 Oct 2017 14:16:04 [WARNING] Request error for ['88A68DCEA21574EFBF1419F6D28CC6B5', 'https://baike.so.com/doc/6566606-6780365.html'], retrying...
Mon, 30 Oct 2017 14:16:04 [WARNING] Request error for ['88A68DCEA21574EFBF1419F6D28CC6B5', 'https://baike.so.com/doc/6566606-6780365.html'], retrying...
Mon, 30 Oct 2017 14:16:04 [WARNING] Request error for ['88A68DCEA21574EFBF1419F6D28CC6B5', 'https://baike.so.com/doc/6566606-6780365.html'], retrying...
Mon, 30 Oct 2017 14:16:11 [WARNING] Request error for ['317DB637ED84BC0876ECADFE0A52492E', 'http://www.sohu.com/a/127231308_430409'], retrying...
Mon, 30 Oct 2017 14:16:11 [WARNING] Request error for ['317DB637ED84BC0876ECADFE0A52492E', 'http://www.sohu.com/a/127231308_430409'], retrying...
Mon, 30 Oct 2017 14:16:11 [WARNING] Request error for ['317DB637ED84BC0876ECADFE0A52492E', 'http://www.sohu.com/a/127231308_430409'], retrying...
Mon, 30 Oct 2017 14:16:20 [INFO] 1321 processed totally, 46 processed in the last 60 seconds. Process record saved.
Mon, 30 Oct 2017 14:16:20 [INFO] 1321 processed totally, 46 processed in the last 60 seconds. Process record saved.
Mon, 30 Oct 2017 14:16:20 [INFO] 1321 processed totally, 46 processed in the last 60 seconds. Process record saved.
Mon, 30 Oct 2017 14:16:24 [WARNING] Request error for ['B81435A4DC6B78C9B3520192A9E4EA3A', 'https://baike.so.com/doc/871920-921815.html'], retrying...
Mon, 30 Oct 2017 14:16:24 [WARNING] Request error for ['B81435A4DC6B78C9B3520192A9E4EA3A', 'https://baike.so.com/doc/871920-921815.html'], retrying...
Mon, 30 Oct 2017 14:16:24 [WARNING] Request error for ['B81435A4DC6B78C9B3520192A9E4EA3A', 'https://baike.so.com/doc/871920-921815.html'], retrying...
Mon, 30 Oct 2017 14:16:24 [WARNING] Request error for ['3EE3D94FDD414EDE3B579DC501B265B6', 'http://www.gamersky.com/ent/201604/745133.shtml'], retrying...
Mon, 30 Oct 2017 14:16:24 [WARNING] Request error for ['3EE3D94FDD414EDE3B579DC501B265B6', 'http://www.gamersky.com/ent/201604/745133.shtml'], retrying...
Mon, 30 Oct 2017 14:16:24 [WARNING] Request error for ['3EE3D94FDD414EDE3B579DC501B265B6', 'http://www.gamersky.com/ent/201604/745133.shtml'], retrying...
Mon, 30 Oct 2017 14:16:36 [WARNING] Request error for ['F7133943B9C4D7476503CAF4BE99638B', 'https://baike.so.com/doc/3929484-4123868.html'], retrying...
Mon, 30 Oct 2017 14:16:36 [WARNING] Request error for ['F7133943B9C4D7476503CAF4BE99638B', 'https://baike.so.com/doc/3929484-4123868.html'], retrying...
Mon, 30 Oct 2017 14:16:36 [WARNING] Request error for ['F7133943B9C4D7476503CAF4BE99638B', 'https://baike.so.com/doc/3929484-4123868.html'], retrying...
Mon, 30 Oct 2017 14:16:39 [WARNING] Request error for ['0CC88F0F845A1C87417A55D6B66062FC', 'https://baike.so.com/doc/6354393-6568024.html'], retrying...
Mon, 30 Oct 2017 14:16:39 [WARNING] Request error for ['C8CF96C553EA997182A1AF3A784CD06B', 'http://wenda.so.com/q/1472702109722319'], retrying...
Mon, 30 Oct 2017 14:16:39 [WARNING] Request error for ['0CC88F0F845A1C87417A55D6B66062FC', 'https://baike.so.com/doc/6354393-6568024.html'], retrying...
Mon, 30 Oct 2017 14:16:39 [WARNING] Request error for ['C8CF96C553EA997182A1AF3A784CD06B', 'http://wenda.so.com/q/1472702109722319'], retrying...
Mon, 30 Oct 2017 14:16:39 [WARNING] Request error for ['0CC88F0F845A1C87417A55D6B66062FC', 'https://baike.so.com/doc/6354393-6568024.html'], retrying...
Mon, 30 Oct 2017 14:16:39 [WARNING] Request error for ['C8CF96C553EA997182A1AF3A784CD06B', 'http://wenda.so.com/q/1472702109722319'], retrying...
Mon, 30 Oct 2017 14:16:46 [WARNING] Request error for ['B81435A4DC6B78C9B3520192A9E4EA3A', 'https://baike.so.com/doc/871920-921815.html'], retrying...
Mon, 30 Oct 2017 14:16:46 [WARNING] Request error for ['B81435A4DC6B78C9B3520192A9E4EA3A', 'https://baike.so.com/doc/871920-921815.html'], retrying...
Mon, 30 Oct 2017 14:16:46 [WARNING] Request error for ['B81435A4DC6B78C9B3520192A9E4EA3A', 'https://baike.so.com/doc/871920-921815.html'], retrying...
Mon, 30 Oct 2017 14:17:00 [WARNING] Request error for ['533393A6CB7D0B02F149E6696D2D49EA', 'http://www.sohu.com/a/199620013_117641'], retrying...
Mon, 30 Oct 2017 14:17:00 [WARNING] Request error for ['533393A6CB7D0B02F149E6696D2D49EA', 'http://www.sohu.com/a/199620013_117641'], retrying...
Mon, 30 Oct 2017 14:17:00 [WARNING] Request error for ['533393A6CB7D0B02F149E6696D2D49EA', 'http://www.sohu.com/a/199620013_117641'], retrying...
Mon, 30 Oct 2017 14:17:05 [WARNING] Request error for ['84E7B849F1E13C3C34D2F50670E89622', 'http://wenda.so.com/q/1397193556062598'], retrying...
Mon, 30 Oct 2017 14:17:05 [WARNING] Request error for ['84E7B849F1E13C3C34D2F50670E89622', 'http://wenda.so.com/q/1397193556062598'], retrying...
Mon, 30 Oct 2017 14:17:05 [WARNING] Request error for ['84E7B849F1E13C3C34D2F50670E89622', 'http://wenda.so.com/q/1397193556062598'], retrying...
Mon, 30 Oct 2017 14:17:08 [WARNING] Request error for ['B81435A4DC6B78C9B3520192A9E4EA3A', 'https://baike.so.com/doc/871920-921815.html'], retrying...
Mon, 30 Oct 2017 14:17:08 [WARNING] Request error for ['B81435A4DC6B78C9B3520192A9E4EA3A', 'https://baike.so.com/doc/871920-921815.html'], retrying...
Mon, 30 Oct 2017 14:17:08 [WARNING] Request error for ['B81435A4DC6B78C9B3520192A9E4EA3A', 'https://baike.so.com/doc/871920-921815.html'], retrying...
Mon, 30 Oct 2017 14:17:09 [WARNING] Request error for ['40D6B44AE59E7C258ADFD44AC1010D7F', 'https://baike.so.com/doc/5418800-5656969.html'], retrying...
Mon, 30 Oct 2017 14:17:09 [WARNING] Request error for ['40D6B44AE59E7C258ADFD44AC1010D7F', 'https://baike.so.com/doc/5418800-5656969.html'], retrying...
Mon, 30 Oct 2017 14:17:09 [WARNING] Request error for ['40D6B44AE59E7C258ADFD44AC1010D7F', 'https://baike.so.com/doc/5418800-5656969.html'], retrying...
Mon, 30 Oct 2017 14:17:20 [INFO] 1332 processed totally, 11 processed in the last 60 seconds. Process record saved.
Mon, 30 Oct 2017 14:17:20 [INFO] 1332 processed totally, 11 processed in the last 60 seconds. Process record saved.
Mon, 30 Oct 2017 14:17:20 [INFO] 1332 processed totally, 11 processed in the last 60 seconds. Process record saved.
Mon, 30 Oct 2017 14:17:22 [WARNING] Request error for ['533393A6CB7D0B02F149E6696D2D49EA', 'http://www.sohu.com/a/199620013_117641'], retrying...
Mon, 30 Oct 2017 14:17:22 [WARNING] Request error for ['533393A6CB7D0B02F149E6696D2D49EA', 'http://www.sohu.com/a/199620013_117641'], retrying...
Mon, 30 Oct 2017 14:17:22 [WARNING] Request error for ['533393A6CB7D0B02F149E6696D2D49EA', 'http://www.sohu.com/a/199620013_117641'], retrying...
Mon, 30 Oct 2017 14:17:30 [WARNING] Request error for ['B81435A4DC6B78C9B3520192A9E4EA3A', 'https://baike.so.com/doc/871920-921815.html'], retrying...
Mon, 30 Oct 2017 14:17:30 [WARNING] Request error for ['B81435A4DC6B78C9B3520192A9E4EA3A', 'https://baike.so.com/doc/871920-921815.html'], retrying...
Mon, 30 Oct 2017 14:17:30 [WARNING] Request error for ['B81435A4DC6B78C9B3520192A9E4EA3A', 'https://baike.so.com/doc/871920-921815.html'], retrying...
Mon, 30 Oct 2017 14:17:31 [WARNING] Request error for ['40D6B44AE59E7C258ADFD44AC1010D7F', 'https://baike.so.com/doc/5418800-5656969.html'], retrying...
Mon, 30 Oct 2017 14:17:31 [WARNING] Request error for ['40D6B44AE59E7C258ADFD44AC1010D7F', 'https://baike.so.com/doc/5418800-5656969.html'], retrying...
Mon, 30 Oct 2017 14:17:31 [WARNING] Request error for ['40D6B44AE59E7C258ADFD44AC1010D7F', 'https://baike.so.com/doc/5418800-5656969.html'], retrying...
Mon, 30 Oct 2017 14:17:31 [WARNING] Request error for ['CFEE1E9CB071261F55193AB98E365487', 'http://video.tudou.com/v/XMjQyNDg2MjM1Mg==.html'], retrying...
Mon, 30 Oct 2017 14:17:31 [WARNING] Request error for ['CFEE1E9CB071261F55193AB98E365487', 'http://video.tudou.com/v/XMjQyNDg2MjM1Mg==.html'], retrying...
Mon, 30 Oct 2017 14:17:31 [WARNING] Request error for ['CFEE1E9CB071261F55193AB98E365487', 'http://video.tudou.com/v/XMjQyNDg2MjM1Mg==.html'], retrying...
Mon, 30 Oct 2017 14:17:42 [WARNING] Request error for ['03B0B36F86F2A6510832B92B1F3555AE', 'http://www.biquge5.com/1_1787/845128_3.html'], retrying...
Mon, 30 Oct 2017 14:17:42 [WARNING] Request error for ['03B0B36F86F2A6510832B92B1F3555AE', 'http://www.biquge5.com/1_1787/845128_3.html'], retrying...
Mon, 30 Oct 2017 14:17:42 [WARNING] Request error for ['03B0B36F86F2A6510832B92B1F3555AE', 'http://www.biquge5.com/1_1787/845128_3.html'], retrying...
Mon, 30 Oct 2017 14:17:44 [WARNING] Request error for ['533393A6CB7D0B02F149E6696D2D49EA', 'http://www.sohu.com/a/199620013_117641'], retrying...
Mon, 30 Oct 2017 14:17:44 [WARNING] Request error for ['533393A6CB7D0B02F149E6696D2D49EA', 'http://www.sohu.com/a/199620013_117641'], retrying...
Mon, 30 Oct 2017 14:17:44 [WARNING] Request error for ['533393A6CB7D0B02F149E6696D2D49EA', 'http://www.sohu.com/a/199620013_117641'], retrying...
